<?xml version="1.0" encoding="UTF-8"?>
<!-- Generated by org.testng.reporters.JUnitReportReporter -->
<testsuite hostname="LAPTOP-2S11OBNS" failures="0" tests="4" name="api.testcases.UserTest_fakerData" time="7.339" errors="0" timestamp="2024-06-23T17:32:36 IST" skipped="0">
  <testcase classname="api.testcases.UserTest_fakerData" name="createUser" time="2.812"/>
  <system-out/>
  <testcase classname="api.testcases.UserTest_fakerData" name="getUser" time="1.552"/>
  <system-out/>
  <testcase classname="api.testcases.UserTest_fakerData" name="updateUser" time="1.537"/>
  <system-out/>
  <testcase classname="api.testcases.UserTest_fakerData" name="deleteUser" time="1.438"/>
  <system-out/>
</testsuite> <!-- api.testcases.UserTest_fakerData -->
