<?xml version="1.0" encoding="UTF-8"?>
<!-- Generated by org.testng.reporters.JUnitReportReporter -->
<testsuite hostname="LAPTOP-2S11OBNS" failures="0" tests="4" name="api.testcases.UserTest" time="7.920" errors="0" timestamp="2024-06-22T23:55:38 IST" skipped="0">
  <testcase classname="api.testcases.UserTest" name="createUser" time="3.288"/>
  <system-out/>
  <testcase classname="api.testcases.UserTest" name="getUser" time="1.627"/>
  <system-out/>
  <testcase classname="api.testcases.UserTest" name="updateUser" time="1.372"/>
  <system-out/>
  <testcase classname="api.testcases.UserTest" name="deleteUser" time="1.633"/>
  <system-out/>
</testsuite> <!-- api.testcases.UserTest -->
