<?xml version="1.0" encoding="UTF-8"?>
<!-- Generated by org.testng.reporters.JUnitReportReporter -->
<testsuite hostname="LAPTOP-2S11OBNS" failures="0" tests="12" name="api.testcases.UserTest_DD" time="21.462" errors="0" timestamp="2024-06-23T01:20:36 IST" skipped="0">
  <testcase classname="api.testcases.UserTest_DD" name="createUser" time="1.618"/>
  <system-out/>
  <testcase classname="api.testcases.UserTest_DD" name="createUser" time="1.638"/>
  <system-out/>
  <testcase classname="api.testcases.UserTest_DD" name="createUser" time="3.930"/>
  <system-out/>
  <testcase classname="api.testcases.UserTest_DD" name="createUser" time="1.538"/>
  <system-out/>
  <testcase classname="api.testcases.UserTest_DD" name="getUser" time="1.417"/>
  <system-out/>
  <testcase classname="api.testcases.UserTest_DD" name="getUser" time="1.629"/>
  <system-out/>
  <testcase classname="api.testcases.UserTest_DD" name="getUser" time="1.539"/>
  <system-out/>
  <testcase classname="api.testcases.UserTest_DD" name="getUser" time="1.943"/>
  <system-out/>
  <testcase classname="api.testcases.UserTest_DD" name="deleteUser" time="1.636"/>
  <system-out/>
  <testcase classname="api.testcases.UserTest_DD" name="deleteUser" time="1.586"/>
  <system-out/>
  <testcase classname="api.testcases.UserTest_DD" name="deleteUser" time="1.379"/>
  <system-out/>
  <testcase classname="api.testcases.UserTest_DD" name="deleteUser" time="1.609"/>
  <system-out/>
</testsuite> <!-- api.testcases.UserTest_DD -->
