<?xml version="1.0" encoding="UTF-8"?>
<!-- Generated by org.testng.reporters.JUnitReportReporter -->
<testsuite hostname="LAPTOP-2S11OBNS" failures="0" tests="4" name="api.testcases.UserTest_fakerData2" time="7.896" errors="0" timestamp="2024-06-23T17:48:53 IST" skipped="0">
  <testcase classname="api.testcases.UserTest_fakerData2" name="createUser" time="3.124"/>
  <system-out/>
  <testcase classname="api.testcases.UserTest_fakerData2" name="getUser" time="1.603"/>
  <system-out/>
  <testcase classname="api.testcases.UserTest_fakerData2" name="updateUser" time="1.633"/>
  <system-out/>
  <testcase classname="api.testcases.UserTest_fakerData2" name="deleteUser" time="1.536"/>
  <system-out/>
</testsuite> <!-- api.testcases.UserTest_fakerData2 -->
